<?xml version="1.0" encoding="UTF-8"?>
<testng-results ignored="0" total="1" passed="1"
	failed="0" skipped="0">
	<reporter-output>
	</reporter-output>
	<suite started-at="2024-08-30T20:00:42 IST" name="Default suite"
		finished-at="2024-08-30T20:01:27 IST" duration-ms="44778">
		<groups>
		</groups>
		<test started-at="2024-08-30T20:00:42 IST" name="Default test"
			finished-at="2024-08-30T20:01:27 IST" duration-ms="44778">
			<class name="com.org.o2technologies.test.SearchCandidateTest">
				<test-method is-config="true"
					signature="setUpSuite(java.lang.String,java.lang.String)[pri:0, instance:com.org.o2technologies.test.SearchCandidateTest@515c6049]"
					started-at="2024-08-30T20:00:42 IST" name="setUpSuite"
					finished-at="2024-08-30T20:00:56 IST" duration-ms="13546"
					status="PASS">
					<params>
						<param index="0">
							<value>
                <![CDATA[chrome]]>
							</value>
						</param>
						<param index="1">
							<value>
                <![CDATA[false]]>
							</value>
						</param>
					</params>
					<reporter-output>
					</reporter-output>
				</test-method> <!-- setUpSuite -->
				<test-method is-config="true"
					signature="setupTestData()[pri:0, instance:com.org.o2technologies.test.SearchCandidateTest@515c6049]"
					started-at="2024-08-30T20:00:56 IST" name="setupTestData"
					finished-at="2024-08-30T20:00:58 IST"
					depends-on-methods="com.org.o2technologies.test.BaseLoginTest.setUpSuite"
					duration-ms="2229" status="PASS">
					<reporter-output>
					</reporter-output>
				</test-method> <!-- setupTestData -->
				<test-method
					signature="searchCandidate()[pri:1, instance:com.org.o2technologies.test.SearchCandidateTest@515c6049]"
					started-at="2024-08-30T20:00:58 IST" name="searchCandidate"
					description="TC002 " finished-at="2024-08-30T20:01:27 IST"
					duration-ms="28642" status="PASS">
					<reporter-output>
					</reporter-output>
				</test-method> <!-- searchCandidate -->
				<test-method is-config="true"
					signature="tearDownSuite()[pri:0, instance:com.org.o2technologies.test.SearchCandidateTest@515c6049]"
					started-at="2024-08-30T20:01:27 IST" name="tearDownSuite"
					finished-at="2024-08-30T20:01:27 IST" duration-ms="316"
					status="PASS">
					<reporter-output>
					</reporter-output>
				</test-method> <!-- tearDownSuite -->
			</class> <!-- com.org.o2technologies.test.SearchCandidateTest -->
		</test> <!-- Default test -->
	</suite> <!-- Default suite -->
</testng-results>
